INFO:root:Training configuration:
INFO:root:epochs=120, batch_size=6, init_lr=0.001, data_dir=/gdata/fewahab/data/VoicebanK-demand-16K, save_model_dir=/ghome/fewahab/Sun-Models/Ab-6/BSRNN/saved_model
INFO:root:Available GPUs: ['NVIDIA GeForce RTX 3080 Ti']
INFO:root:Epoch 0, Step 100, loss: 0.1246, disc_loss: 0.1737, PESQ: 1.6852
INFO:root:Epoch 0, Step 200, loss: 0.1080, disc_loss: 0.0992, PESQ: 1.7494
INFO:root:Epoch 0, Step 300, loss: 0.1013, disc_loss: 0.0745, PESQ: 1.7818
INFO:root:Epoch 0, Step 400, loss: 0.0978, disc_loss: 0.0604, PESQ: 1.8006
INFO:root:Epoch 0, Step 500, loss: 0.0943, disc_loss: 0.0520, PESQ: 1.8392
INFO:root:Epoch 0, Step 600, loss: 0.0922, disc_loss: 0.0461, PESQ: 1.8547
INFO:root:Epoch 0, Step 700, loss: 0.0908, disc_loss: 0.0417, PESQ: 1.8748
INFO:root:Epoch 0, Step 800, loss: 0.0892, disc_loss: 0.0383, PESQ: 1.8933
INFO:root:Epoch 0, Step 900, loss: 0.0877, disc_loss: 0.0356, PESQ: 1.9111
INFO:root:Epoch 0, Step 1000, loss: 0.0866, disc_loss: 0.0332, PESQ: 1.9237
INFO:root:Epoch 0, Step 1100, loss: 0.0853, disc_loss: 0.0312, PESQ: 1.9411
INFO:root:Epoch 0, Step 1200, loss: 0.0845, disc_loss: 0.0295, PESQ: 1.9504
INFO:root:Epoch 0, Step 1300, loss: 0.0838, disc_loss: 0.0280, PESQ: 1.9602
INFO:root:Epoch 0, Step 1400, loss: 0.0828, disc_loss: 0.0267, PESQ: 1.9731
INFO:root:Epoch 0, Step 1500, loss: 0.0820, disc_loss: 0.0255, PESQ: 1.9854
INFO:root:Epoch 0, Step 1600, loss: 0.0813, disc_loss: 0.0244, PESQ: 1.9926
INFO:root:Epoch 0, Step 1700, loss: 0.0809, disc_loss: 0.0235, PESQ: 1.9983
INFO:root:Epoch 0, Step 1800, loss: 0.0803, disc_loss: 0.0227, PESQ: 2.0046
INFO:root:Epoch 0, Step 1900, loss: 0.0798, disc_loss: 0.0220, PESQ: 2.0106
INFO:root:TEST - Generator loss: 0.0517, Discriminator loss: 0.0170, PESQ: 2.3234
INFO:root:? New best model saved at epoch 0 with loss 0.051663
INFO:root:Epoch 1, Step 100, loss: 0.0726, disc_loss: 0.0088, PESQ: 2.1049
INFO:root:Epoch 1, Step 200, loss: 0.0708, disc_loss: 0.0087, PESQ: 2.1446
INFO:root:Epoch 1, Step 300, loss: 0.0696, disc_loss: 0.0090, PESQ: 2.1702
INFO:root:Epoch 1, Step 400, loss: 0.0701, disc_loss: 0.0088, PESQ: 2.1690
INFO:root:Epoch 1, Step 500, loss: 0.0702, disc_loss: 0.0085, PESQ: 2.1644
INFO:root:Epoch 1, Step 600, loss: 0.0698, disc_loss: 0.0084, PESQ: 2.1681
INFO:root:Epoch 1, Step 700, loss: 0.0698, disc_loss: 0.0083, PESQ: 2.1689
INFO:root:Epoch 1, Step 800, loss: 0.0697, disc_loss: 0.0082, PESQ: 2.1702
INFO:root:Epoch 1, Step 900, loss: 0.0695, disc_loss: 0.0084, PESQ: 2.1786
INFO:root:Epoch 1, Step 1000, loss: 0.0690, disc_loss: 0.0084, PESQ: 2.1884
INFO:root:Epoch 1, Step 1100, loss: 0.0691, disc_loss: 0.0083, PESQ: 2.1884
INFO:root:Epoch 1, Step 1200, loss: 0.0691, disc_loss: 0.0081, PESQ: 2.1917
INFO:root:Epoch 1, Step 1300, loss: 0.0687, disc_loss: 0.0081, PESQ: 2.1962
INFO:root:Epoch 1, Step 1400, loss: 0.0684, disc_loss: 0.0082, PESQ: 2.2034
INFO:root:Epoch 1, Step 1500, loss: 0.0683, disc_loss: 0.0081, PESQ: 2.2050
INFO:root:Epoch 1, Step 1600, loss: 0.0682, disc_loss: 0.0081, PESQ: 2.2070
INFO:root:Epoch 1, Step 1700, loss: 0.0680, disc_loss: 0.0080, PESQ: 2.2111
INFO:root:Epoch 1, Step 1800, loss: 0.0678, disc_loss: 0.0080, PESQ: 2.2140
INFO:root:Epoch 1, Step 1900, loss: 0.0677, disc_loss: 0.0080, PESQ: 2.2174
INFO:root:TEST - Generator loss: 0.0448, Discriminator loss: 0.0097, PESQ: 2.7019
INFO:root:? New best model saved at epoch 1 with loss 0.044835
INFO:root:Epoch 2, Step 100, loss: 0.0656, disc_loss: 0.0073, PESQ: 2.2891
INFO:root:Epoch 2, Step 200, loss: 0.0652, disc_loss: 0.0073, PESQ: 2.3023
INFO:root:Epoch 2, Step 300, loss: 0.0650, disc_loss: 0.0075, PESQ: 2.2955
INFO:root:Epoch 2, Step 400, loss: 0.0648, disc_loss: 0.0078, PESQ: 2.3050
INFO:root:Epoch 2, Step 500, loss: 0.0648, disc_loss: 0.0075, PESQ: 2.3024
INFO:root:Epoch 2, Step 600, loss: 0.0653, disc_loss: 0.0073, PESQ: 2.2920
INFO:root:Epoch 2, Step 700, loss: 0.0654, disc_loss: 0.0073, PESQ: 2.2917
INFO:root:Epoch 2, Step 800, loss: 0.0653, disc_loss: 0.0073, PESQ: 2.2918
INFO:root:Epoch 2, Step 900, loss: 0.0651, disc_loss: 0.0073, PESQ: 2.2984
INFO:root:Epoch 2, Step 1000, loss: 0.0650, disc_loss: 0.0072, PESQ: 2.3018
INFO:root:Epoch 2, Step 1100, loss: 0.0649, disc_loss: 0.0072, PESQ: 2.3024
INFO:root:Epoch 2, Step 1200, loss: 0.0648, disc_loss: 0.0071, PESQ: 2.3057
INFO:root:Epoch 2, Step 1300, loss: 0.0648, disc_loss: 0.0071, PESQ: 2.3062
INFO:root:Epoch 2, Step 1400, loss: 0.0647, disc_loss: 0.0070, PESQ: 2.3085
INFO:root:Epoch 2, Step 1500, loss: 0.0646, disc_loss: 0.0070, PESQ: 2.3090
INFO:root:Epoch 2, Step 1600, loss: 0.0646, disc_loss: 0.0071, PESQ: 2.3097
INFO:root:Epoch 2, Step 1700, loss: 0.0646, disc_loss: 0.0070, PESQ: 2.3096
INFO:root:Epoch 2, Step 1800, loss: 0.0644, disc_loss: 0.0070, PESQ: 2.3130
INFO:root:Epoch 2, Step 1900, loss: 0.0643, disc_loss: 0.0069, PESQ: 2.3159
INFO:root:TEST - Generator loss: 0.0438, Discriminator loss: 0.0115, PESQ: 2.7226
INFO:root:? New best model saved at epoch 2 with loss 0.043793
INFO:root:Epoch 3, Step 100, loss: 0.0618, disc_loss: 0.0055, PESQ: 2.3756
INFO:root:Epoch 3, Step 200, loss: 0.0611, disc_loss: 0.0060, PESQ: 2.4012
INFO:root:Epoch 3, Step 300, loss: 0.0618, disc_loss: 0.0063, PESQ: 2.3899
INFO:root:Epoch 3, Step 400, loss: 0.0622, disc_loss: 0.0063, PESQ: 2.3835
INFO:root:Epoch 3, Step 500, loss: 0.0622, disc_loss: 0.0063, PESQ: 2.3772
INFO:root:Epoch 3, Step 600, loss: 0.0623, disc_loss: 0.0062, PESQ: 2.3773
INFO:root:Epoch 3, Step 700, loss: 0.0620, disc_loss: 0.0063, PESQ: 2.3804
INFO:root:Epoch 3, Step 800, loss: 0.0620, disc_loss: 0.0063, PESQ: 2.3832
INFO:root:Epoch 3, Step 900, loss: 0.0621, disc_loss: 0.0064, PESQ: 2.3828
INFO:root:Epoch 3, Step 1000, loss: 0.0621, disc_loss: 0.0065, PESQ: 2.3823
INFO:root:Epoch 3, Step 1100, loss: 0.0623, disc_loss: 0.0065, PESQ: 2.3751
INFO:root:Epoch 3, Step 1200, loss: 0.0622, disc_loss: 0.0064, PESQ: 2.3785
INFO:root:Epoch 3, Step 1300, loss: 0.0623, disc_loss: 0.0063, PESQ: 2.3759
INFO:root:Epoch 3, Step 1400, loss: 0.0622, disc_loss: 0.0063, PESQ: 2.3799
INFO:root:Epoch 3, Step 1500, loss: 0.0623, disc_loss: 0.0064, PESQ: 2.3791
INFO:root:Epoch 3, Step 1600, loss: 0.0622, disc_loss: 0.0063, PESQ: 2.3803
INFO:root:Epoch 3, Step 1700, loss: 0.0620, disc_loss: 0.0063, PESQ: 2.3836
INFO:root:Epoch 3, Step 1800, loss: 0.0619, disc_loss: 0.0063, PESQ: 2.3841
INFO:root:Epoch 3, Step 1900, loss: 0.0619, disc_loss: 0.0063, PESQ: 2.3850
INFO:root:TEST - Generator loss: 0.0425, Discriminator loss: 0.0153, PESQ: 2.7886
INFO:root:? New best model saved at epoch 3 with loss 0.042479
INFO:root:Epoch 4, Step 100, loss: 0.0612, disc_loss: 0.0068, PESQ: 2.3989
INFO:root:Epoch 4, Step 200, loss: 0.0603, disc_loss: 0.0067, PESQ: 2.4160
INFO:root:Epoch 4, Step 300, loss: 0.0609, disc_loss: 0.0064, PESQ: 2.4083
INFO:root:Epoch 4, Step 400, loss: 0.0610, disc_loss: 0.0064, PESQ: 2.4124
INFO:root:Epoch 4, Step 500, loss: 0.0606, disc_loss: 0.0063, PESQ: 2.4236
INFO:root:Epoch 4, Step 600, loss: 0.0605, disc_loss: 0.0062, PESQ: 2.4276
INFO:root:Epoch 4, Step 700, loss: 0.0603, disc_loss: 0.0062, PESQ: 2.4316
INFO:root:Epoch 4, Step 800, loss: 0.0605, disc_loss: 0.0061, PESQ: 2.4289
INFO:root:Epoch 4, Step 900, loss: 0.0606, disc_loss: 0.0060, PESQ: 2.4247
INFO:root:Epoch 4, Step 1000, loss: 0.0605, disc_loss: 0.0060, PESQ: 2.4299
INFO:root:Epoch 4, Step 1100, loss: 0.0603, disc_loss: 0.0060, PESQ: 2.4346
INFO:root:Epoch 4, Step 1200, loss: 0.0603, disc_loss: 0.0059, PESQ: 2.4346
INFO:root:Epoch 4, Step 1300, loss: 0.0603, disc_loss: 0.0058, PESQ: 2.4339
INFO:root:Epoch 4, Step 1400, loss: 0.0603, disc_loss: 0.0058, PESQ: 2.4351
INFO:root:Epoch 4, Step 1500, loss: 0.0603, disc_loss: 0.0058, PESQ: 2.4352
INFO:root:Epoch 4, Step 1600, loss: 0.0603, disc_loss: 0.0057, PESQ: 2.4354
INFO:root:Epoch 4, Step 1700, loss: 0.0603, disc_loss: 0.0057, PESQ: 2.4345
INFO:root:Epoch 4, Step 1800, loss: 0.0604, disc_loss: 0.0057, PESQ: 2.4316
INFO:root:Epoch 4, Step 1900, loss: 0.0605, disc_loss: 0.0057, PESQ: 2.4309
INFO:root:TEST - Generator loss: 0.0429, Discriminator loss: 0.0094, PESQ: 2.7000
INFO:root:Epoch 5, Step 100, loss: 0.0607, disc_loss: 0.0048, PESQ: 2.4375
INFO:root:Epoch 5, Step 200, loss: 0.0607, disc_loss: 0.0052, PESQ: 2.4343
INFO:root:Epoch 5, Step 300, loss: 0.0607, disc_loss: 0.0056, PESQ: 2.4288
INFO:root:Epoch 5, Step 400, loss: 0.0608, disc_loss: 0.0055, PESQ: 2.4315
INFO:root:Epoch 5, Step 500, loss: 0.0599, disc_loss: 0.0055, PESQ: 2.4502
INFO:root:Epoch 5, Step 600, loss: 0.0594, disc_loss: 0.0057, PESQ: 2.4644
INFO:root:Epoch 5, Step 700, loss: 0.0592, disc_loss: 0.0056, PESQ: 2.4743
INFO:root:Epoch 5, Step 800, loss: 0.0590, disc_loss: 0.0057, PESQ: 2.4759
INFO:root:Epoch 5, Step 900, loss: 0.0591, disc_loss: 0.0056, PESQ: 2.4721
INFO:root:Epoch 5, Step 1000, loss: 0.0592, disc_loss: 0.0055, PESQ: 2.4734
INFO:root:Epoch 5, Step 1100, loss: 0.0591, disc_loss: 0.0055, PESQ: 2.4719
INFO:root:Epoch 5, Step 1200, loss: 0.0592, disc_loss: 0.0054, PESQ: 2.4723
INFO:root:Epoch 5, Step 1300, loss: 0.0592, disc_loss: 0.0054, PESQ: 2.4730
INFO:root:Epoch 5, Step 1400, loss: 0.0591, disc_loss: 0.0054, PESQ: 2.4750
INFO:root:Epoch 5, Step 1500, loss: 0.0591, disc_loss: 0.0053, PESQ: 2.4754
INFO:root:Epoch 5, Step 1600, loss: 0.0591, disc_loss: 0.0053, PESQ: 2.4765
INFO:root:Epoch 5, Step 1700, loss: 0.0591, disc_loss: 0.0053, PESQ: 2.4799
INFO:root:Epoch 5, Step 1800, loss: 0.0591, disc_loss: 0.0054, PESQ: 2.4770
INFO:root:Epoch 5, Step 1900, loss: 0.0592, disc_loss: 0.0053, PESQ: 2.4782
INFO:root:TEST - Generator loss: 0.0415, Discriminator loss: 0.0086, PESQ: 2.8503
INFO:root:? New best model saved at epoch 5 with loss 0.041507
INFO:root:Epoch 6, Step 100, loss: 0.0589, disc_loss: 0.0058, PESQ: 2.4942
INFO:root:Epoch 6, Step 200, loss: 0.0588, disc_loss: 0.0057, PESQ: 2.4889
INFO:root:Epoch 6, Step 300, loss: 0.0586, disc_loss: 0.0054, PESQ: 2.4982
INFO:root:Epoch 6, Step 400, loss: 0.0582, disc_loss: 0.0053, PESQ: 2.5058
INFO:root:Epoch 6, Step 500, loss: 0.0584, disc_loss: 0.0052, PESQ: 2.5068
INFO:root:Epoch 6, Step 600, loss: 0.0583, disc_loss: 0.0052, PESQ: 2.5059
INFO:root:Epoch 6, Step 700, loss: 0.0584, disc_loss: 0.0052, PESQ: 2.5071
INFO:root:Epoch 6, Step 800, loss: 0.0584, disc_loss: 0.0051, PESQ: 2.5023
INFO:root:Epoch 6, Step 900, loss: 0.0584, disc_loss: 0.0052, PESQ: 2.5045
INFO:root:Epoch 6, Step 1000, loss: 0.0582, disc_loss: 0.0051, PESQ: 2.5086
INFO:root:Epoch 6, Step 1100, loss: 0.0581, disc_loss: 0.0051, PESQ: 2.5114
INFO:root:Epoch 6, Step 1200, loss: 0.0582, disc_loss: 0.0051, PESQ: 2.5098
INFO:root:Epoch 6, Step 1300, loss: 0.0582, disc_loss: 0.0051, PESQ: 2.5132
INFO:root:Epoch 6, Step 1400, loss: 0.0583, disc_loss: 0.0050, PESQ: 2.5104
INFO:root:Epoch 6, Step 1500, loss: 0.0583, disc_loss: 0.0050, PESQ: 2.5074
INFO:root:Epoch 6, Step 1600, loss: 0.0582, disc_loss: 0.0050, PESQ: 2.5117
INFO:root:Epoch 6, Step 1700, loss: 0.0582, disc_loss: 0.0050, PESQ: 2.5124
INFO:root:Epoch 6, Step 1800, loss: 0.0583, disc_loss: 0.0051, PESQ: 2.5110
INFO:root:Epoch 6, Step 1900, loss: 0.0583, disc_loss: 0.0050, PESQ: 2.5126
INFO:root:TEST - Generator loss: 0.0415, Discriminator loss: 0.0094, PESQ: 2.7611
INFO:root:Epoch 7, Step 100, loss: 0.0575, disc_loss: 0.0042, PESQ: 2.5467
INFO:root:Epoch 7, Step 200, loss: 0.0568, disc_loss: 0.0046, PESQ: 2.5482
INFO:root:Epoch 7, Step 300, loss: 0.0577, disc_loss: 0.0047, PESQ: 2.5216
INFO:root:Epoch 7, Step 400, loss: 0.0571, disc_loss: 0.0047, PESQ: 2.5369
INFO:root:Epoch 7, Step 500, loss: 0.0571, disc_loss: 0.0048, PESQ: 2.5514
INFO:root:Epoch 7, Step 600, loss: 0.0569, disc_loss: 0.0048, PESQ: 2.5513
INFO:root:Epoch 7, Step 700, loss: 0.0571, disc_loss: 0.0048, PESQ: 2.5505
INFO:root:Epoch 7, Step 800, loss: 0.0572, disc_loss: 0.0048, PESQ: 2.5459
INFO:root:Epoch 7, Step 900, loss: 0.0575, disc_loss: 0.0048, PESQ: 2.5414
INFO:root:Epoch 7, Step 1000, loss: 0.0575, disc_loss: 0.0048, PESQ: 2.5429
INFO:root:Epoch 7, Step 1100, loss: 0.0575, disc_loss: 0.0047, PESQ: 2.5415
INFO:root:Epoch 7, Step 1200, loss: 0.0577, disc_loss: 0.0047, PESQ: 2.5391
INFO:root:Epoch 7, Step 1300, loss: 0.0575, disc_loss: 0.0047, PESQ: 2.5406
INFO:root:Epoch 7, Step 1400, loss: 0.0574, disc_loss: 0.0048, PESQ: 2.5452
INFO:root:Epoch 7, Step 1500, loss: 0.0574, disc_loss: 0.0048, PESQ: 2.5471
INFO:root:Epoch 7, Step 1600, loss: 0.0575, disc_loss: 0.0048, PESQ: 2.5430
INFO:root:Epoch 7, Step 1700, loss: 0.0574, disc_loss: 0.0048, PESQ: 2.5441
INFO:root:Epoch 7, Step 1800, loss: 0.0574, disc_loss: 0.0048, PESQ: 2.5450
INFO:root:Epoch 7, Step 1900, loss: 0.0574, disc_loss: 0.0048, PESQ: 2.5435
INFO:root:TEST - Generator loss: 0.0417, Discriminator loss: 0.0113, PESQ: 2.7797
INFO:root:Epoch 8, Step 100, loss: 0.0590, disc_loss: 0.0043, PESQ: 2.4939
INFO:root:Epoch 8, Step 200, loss: 0.0577, disc_loss: 0.0045, PESQ: 2.5313
INFO:root:Epoch 8, Step 300, loss: 0.0565, disc_loss: 0.0046, PESQ: 2.5636
INFO:root:Epoch 8, Step 400, loss: 0.0568, disc_loss: 0.0046, PESQ: 2.5482
INFO:root:Epoch 8, Step 500, loss: 0.0571, disc_loss: 0.0045, PESQ: 2.5437
INFO:root:Epoch 8, Step 600, loss: 0.0570, disc_loss: 0.0046, PESQ: 2.5467
INFO:root:Epoch 8, Step 700, loss: 0.0570, disc_loss: 0.0045, PESQ: 2.5512
INFO:root:Epoch 8, Step 800, loss: 0.0569, disc_loss: 0.0046, PESQ: 2.5553
INFO:root:Epoch 8, Step 900, loss: 0.0569, disc_loss: 0.0046, PESQ: 2.5557
INFO:root:Epoch 8, Step 1000, loss: 0.0569, disc_loss: 0.0046, PESQ: 2.5555
INFO:root:Epoch 8, Step 1100, loss: 0.0569, disc_loss: 0.0046, PESQ: 2.5561
INFO:root:Epoch 8, Step 1200, loss: 0.0568, disc_loss: 0.0046, PESQ: 2.5624
INFO:root:Epoch 8, Step 1300, loss: 0.0568, disc_loss: 0.0046, PESQ: 2.5628
INFO:root:Epoch 8, Step 1400, loss: 0.0568, disc_loss: 0.0046, PESQ: 2.5615
INFO:root:Epoch 8, Step 1500, loss: 0.0569, disc_loss: 0.0046, PESQ: 2.5579
INFO:root:Epoch 8, Step 1600, loss: 0.0569, disc_loss: 0.0046, PESQ: 2.5620
INFO:root:Epoch 8, Step 1700, loss: 0.0568, disc_loss: 0.0047, PESQ: 2.5643
INFO:root:Epoch 8, Step 1800, loss: 0.0568, disc_loss: 0.0046, PESQ: 2.5661
INFO:root:Epoch 8, Step 1900, loss: 0.0568, disc_loss: 0.0046, PESQ: 2.5655
INFO:root:TEST - Generator loss: 0.0408, Discriminator loss: 0.0079, PESQ: 2.8709
INFO:root:? New best model saved at epoch 8 with loss 0.040755
INFO:root:Epoch 9, Step 100, loss: 0.0552, disc_loss: 0.0040, PESQ: 2.5923
INFO:root:Epoch 9, Step 200, loss: 0.0564, disc_loss: 0.0045, PESQ: 2.5730
INFO:root:Epoch 9, Step 300, loss: 0.0566, disc_loss: 0.0045, PESQ: 2.5857
INFO:root:Epoch 9, Step 400, loss: 0.0569, disc_loss: 0.0044, PESQ: 2.5795
INFO:root:Epoch 9, Step 500, loss: 0.0562, disc_loss: 0.0044, PESQ: 2.5915
INFO:root:Epoch 9, Step 600, loss: 0.0563, disc_loss: 0.0043, PESQ: 2.5928
INFO:root:Epoch 9, Step 700, loss: 0.0564, disc_loss: 0.0044, PESQ: 2.5887
INFO:root:Epoch 9, Step 800, loss: 0.0562, disc_loss: 0.0044, PESQ: 2.5939
INFO:root:Epoch 9, Step 900, loss: 0.0559, disc_loss: 0.0045, PESQ: 2.5997
INFO:root:Epoch 9, Step 1000, loss: 0.0561, disc_loss: 0.0044, PESQ: 2.5982
INFO:root:Epoch 9, Step 1100, loss: 0.0562, disc_loss: 0.0044, PESQ: 2.5968
INFO:root:Epoch 9, Step 1200, loss: 0.0561, disc_loss: 0.0044, PESQ: 2.5981
INFO:root:Epoch 9, Step 1300, loss: 0.0563, disc_loss: 0.0044, PESQ: 2.5913
INFO:root:Epoch 9, Step 1400, loss: 0.0564, disc_loss: 0.0044, PESQ: 2.5880
INFO:root:Epoch 9, Step 1500, loss: 0.0564, disc_loss: 0.0044, PESQ: 2.5870
INFO:root:Epoch 9, Step 1600, loss: 0.0563, disc_loss: 0.0044, PESQ: 2.5870
INFO:root:Epoch 9, Step 1700, loss: 0.0562, disc_loss: 0.0045, PESQ: 2.5878
INFO:root:Epoch 9, Step 1800, loss: 0.0563, disc_loss: 0.0045, PESQ: 2.5862
INFO:root:Epoch 9, Step 1900, loss: 0.0563, disc_loss: 0.0045, PESQ: 2.5870
INFO:root:TEST - Generator loss: 0.0404, Discriminator loss: 0.0083, PESQ: 2.8911
INFO:root:? New best model saved at epoch 9 with loss 0.040431
INFO:root:Epoch 10, Step 100, loss: 0.0573, disc_loss: 0.0046, PESQ: 2.5365
INFO:root:Epoch 10, Step 200, loss: 0.0564, disc_loss: 0.0044, PESQ: 2.5738
INFO:root:Epoch 10, Step 300, loss: 0.0561, disc_loss: 0.0044, PESQ: 2.5885
INFO:root:Epoch 10, Step 400, loss: 0.0559, disc_loss: 0.0042, PESQ: 2.6005
INFO:root:Epoch 10, Step 500, loss: 0.0559, disc_loss: 0.0044, PESQ: 2.6016
INFO:root:Epoch 10, Step 600, loss: 0.0560, disc_loss: 0.0043, PESQ: 2.5970
INFO:root:Epoch 10, Step 700, loss: 0.0560, disc_loss: 0.0043, PESQ: 2.5966
INFO:root:Epoch 10, Step 800, loss: 0.0560, disc_loss: 0.0043, PESQ: 2.5979
INFO:root:Epoch 10, Step 900, loss: 0.0560, disc_loss: 0.0043, PESQ: 2.5990
INFO:root:Epoch 10, Step 1000, loss: 0.0559, disc_loss: 0.0043, PESQ: 2.6001
INFO:root:Epoch 10, Step 1100, loss: 0.0560, disc_loss: 0.0043, PESQ: 2.5989
INFO:root:Epoch 10, Step 1200, loss: 0.0559, disc_loss: 0.0043, PESQ: 2.5999
INFO:root:Epoch 10, Step 1300, loss: 0.0560, disc_loss: 0.0043, PESQ: 2.5970
INFO:root:Epoch 10, Step 1400, loss: 0.0559, disc_loss: 0.0043, PESQ: 2.5976
INFO:root:Epoch 10, Step 1500, loss: 0.0559, disc_loss: 0.0044, PESQ: 2.5987
INFO:root:Epoch 10, Step 1600, loss: 0.0558, disc_loss: 0.0043, PESQ: 2.6017
INFO:root:Epoch 10, Step 1700, loss: 0.0558, disc_loss: 0.0044, PESQ: 2.6022
INFO:root:Epoch 10, Step 1800, loss: 0.0559, disc_loss: 0.0043, PESQ: 2.6023
INFO:root:Epoch 10, Step 1900, loss: 0.0559, disc_loss: 0.0043, PESQ: 2.6017
INFO:root:TEST - Generator loss: 0.0401, Discriminator loss: 0.0085, PESQ: 2.9328
INFO:root:? New best model saved at epoch 10 with loss 0.040073
INFO:root:Epoch 11, Step 100, loss: 0.0548, disc_loss: 0.0033, PESQ: 2.6580
INFO:root:Epoch 11, Step 200, loss: 0.0548, disc_loss: 0.0036, PESQ: 2.6484
INFO:root:Epoch 11, Step 300, loss: 0.0545, disc_loss: 0.0039, PESQ: 2.6538
INFO:root:Epoch 11, Step 400, loss: 0.0550, disc_loss: 0.0039, PESQ: 2.6424
INFO:root:Epoch 11, Step 500, loss: 0.0549, disc_loss: 0.0040, PESQ: 2.6388
INFO:root:Epoch 11, Step 600, loss: 0.0549, disc_loss: 0.0040, PESQ: 2.6413
INFO:root:Epoch 11, Step 700, loss: 0.0548, disc_loss: 0.0041, PESQ: 2.6447
INFO:root:Epoch 11, Step 800, loss: 0.0549, disc_loss: 0.0042, PESQ: 2.6417
INFO:root:Epoch 11, Step 900, loss: 0.0550, disc_loss: 0.0042, PESQ: 2.6418
INFO:root:Epoch 11, Step 1000, loss: 0.0552, disc_loss: 0.0043, PESQ: 2.6317
INFO:root:Epoch 11, Step 1100, loss: 0.0554, disc_loss: 0.0042, PESQ: 2.6266
INFO:root:Epoch 11, Step 1200, loss: 0.0553, disc_loss: 0.0043, PESQ: 2.6270
INFO:root:Epoch 11, Step 1300, loss: 0.0553, disc_loss: 0.0043, PESQ: 2.6267
INFO:root:Epoch 11, Step 1400, loss: 0.0552, disc_loss: 0.0043, PESQ: 2.6256
INFO:root:Epoch 11, Step 1500, loss: 0.0551, disc_loss: 0.0043, PESQ: 2.6256
INFO:root:Epoch 11, Step 1600, loss: 0.0552, disc_loss: 0.0043, PESQ: 2.6232
INFO:root:Epoch 11, Step 1700, loss: 0.0552, disc_loss: 0.0043, PESQ: 2.6211
INFO:root:Epoch 11, Step 1800, loss: 0.0552, disc_loss: 0.0043, PESQ: 2.6233
INFO:root:Epoch 11, Step 1900, loss: 0.0553, disc_loss: 0.0043, PESQ: 2.6227
INFO:root:TEST - Generator loss: 0.0398, Discriminator loss: 0.0079, PESQ: 2.9237
INFO:root:? New best model saved at epoch 11 with loss 0.039804
INFO:root:Epoch 12, Step 100, loss: 0.0540, disc_loss: 0.0039, PESQ: 2.6538
INFO:root:Epoch 12, Step 200, loss: 0.0540, disc_loss: 0.0040, PESQ: 2.6450
INFO:root:Epoch 12, Step 300, loss: 0.0540, disc_loss: 0.0038, PESQ: 2.6525
INFO:root:Epoch 12, Step 400, loss: 0.0537, disc_loss: 0.0039, PESQ: 2.6626
INFO:root:Epoch 12, Step 500, loss: 0.0545, disc_loss: 0.0039, PESQ: 2.6485
INFO:root:Epoch 12, Step 600, loss: 0.0545, disc_loss: 0.0039, PESQ: 2.6505
INFO:root:Epoch 12, Step 700, loss: 0.0546, disc_loss: 0.0039, PESQ: 2.6499
INFO:root:Epoch 12, Step 800, loss: 0.0547, disc_loss: 0.0039, PESQ: 2.6461
INFO:root:Epoch 12, Step 900, loss: 0.0549, disc_loss: 0.0039, PESQ: 2.6367
INFO:root:Epoch 12, Step 1000, loss: 0.0551, disc_loss: 0.0040, PESQ: 2.6306
INFO:root:Epoch 12, Step 1100, loss: 0.0552, disc_loss: 0.0040, PESQ: 2.6282
INFO:root:Epoch 12, Step 1200, loss: 0.0551, disc_loss: 0.0040, PESQ: 2.6297
INFO:root:Epoch 12, Step 1300, loss: 0.0551, disc_loss: 0.0040, PESQ: 2.6321
INFO:root:Epoch 12, Step 1400, loss: 0.0550, disc_loss: 0.0040, PESQ: 2.6343
INFO:root:Epoch 12, Step 1500, loss: 0.0550, disc_loss: 0.0041, PESQ: 2.6347
INFO:root:Epoch 12, Step 1600, loss: 0.0550, disc_loss: 0.0041, PESQ: 2.6343
INFO:root:Epoch 12, Step 1700, loss: 0.0550, disc_loss: 0.0041, PESQ: 2.6355
INFO:root:Epoch 12, Step 1800, loss: 0.0549, disc_loss: 0.0041, PESQ: 2.6362
INFO:root:Epoch 12, Step 1900, loss: 0.0549, disc_loss: 0.0042, PESQ: 2.6382
INFO:root:TEST - Generator loss: 0.0394, Discriminator loss: 0.0066, PESQ: 3.0040
INFO:root:? New best model saved at epoch 12 with loss 0.039379
INFO:root:Epoch 13, Step 100, loss: 0.0548, disc_loss: 0.0037, PESQ: 2.6642
INFO:root:Epoch 13, Step 200, loss: 0.0547, disc_loss: 0.0038, PESQ: 2.6595
INFO:root:Epoch 13, Step 300, loss: 0.0545, disc_loss: 0.0037, PESQ: 2.6632
INFO:root:Epoch 13, Step 400, loss: 0.0543, disc_loss: 0.0036, PESQ: 2.6701
INFO:root:Epoch 13, Step 500, loss: 0.0542, disc_loss: 0.0037, PESQ: 2.6684
INFO:root:Epoch 13, Step 600, loss: 0.0543, disc_loss: 0.0038, PESQ: 2.6594
INFO:root:Epoch 13, Step 700, loss: 0.0543, disc_loss: 0.0038, PESQ: 2.6550
INFO:root:Epoch 13, Step 800, loss: 0.0542, disc_loss: 0.0039, PESQ: 2.6608
INFO:root:Epoch 13, Step 900, loss: 0.0542, disc_loss: 0.0040, PESQ: 2.6628
INFO:root:Epoch 13, Step 1000, loss: 0.0542, disc_loss: 0.0040, PESQ: 2.6634
INFO:root:Epoch 13, Step 1100, loss: 0.0542, disc_loss: 0.0040, PESQ: 2.6613
INFO:root:Epoch 13, Step 1200, loss: 0.0544, disc_loss: 0.0040, PESQ: 2.6577
INFO:root:Epoch 13, Step 1300, loss: 0.0545, disc_loss: 0.0040, PESQ: 2.6554
INFO:root:Epoch 13, Step 1400, loss: 0.0545, disc_loss: 0.0040, PESQ: 2.6560
INFO:root:Epoch 13, Step 1500, loss: 0.0545, disc_loss: 0.0040, PESQ: 2.6566
INFO:root:Epoch 13, Step 1600, loss: 0.0544, disc_loss: 0.0040, PESQ: 2.6591
INFO:root:Epoch 13, Step 1700, loss: 0.0544, disc_loss: 0.0040, PESQ: 2.6574
INFO:root:Epoch 13, Step 1800, loss: 0.0544, disc_loss: 0.0041, PESQ: 2.6559
INFO:root:Epoch 13, Step 1900, loss: 0.0544, disc_loss: 0.0041, PESQ: 2.6558
INFO:root:TEST - Generator loss: 0.0399, Discriminator loss: 0.0083, PESQ: 2.8715
INFO:root:Epoch 14, Step 100, loss: 0.0526, disc_loss: 0.0043, PESQ: 2.7137
INFO:root:Epoch 14, Step 200, loss: 0.0529, disc_loss: 0.0043, PESQ: 2.7025
INFO:root:Epoch 14, Step 300, loss: 0.0533, disc_loss: 0.0042, PESQ: 2.6834
INFO:root:Epoch 14, Step 400, loss: 0.0533, disc_loss: 0.0042, PESQ: 2.6800
INFO:root:Epoch 14, Step 500, loss: 0.0536, disc_loss: 0.0040, PESQ: 2.6779
INFO:root:Epoch 14, Step 600, loss: 0.0539, disc_loss: 0.0041, PESQ: 2.6725
INFO:root:Epoch 14, Step 700, loss: 0.0540, disc_loss: 0.0040, PESQ: 2.6685
INFO:root:Epoch 14, Step 800, loss: 0.0541, disc_loss: 0.0040, PESQ: 2.6683
INFO:root:Epoch 14, Step 900, loss: 0.0541, disc_loss: 0.0042, PESQ: 2.6665
INFO:root:Epoch 14, Step 1000, loss: 0.0540, disc_loss: 0.0041, PESQ: 2.6705
INFO:root:Epoch 14, Step 1100, loss: 0.0541, disc_loss: 0.0041, PESQ: 2.6655
INFO:root:Epoch 14, Step 1200, loss: 0.0540, disc_loss: 0.0041, PESQ: 2.6696
INFO:root:Epoch 14, Step 1300, loss: 0.0541, disc_loss: 0.0041, PESQ: 2.6683
INFO:root:Epoch 14, Step 1400, loss: 0.0542, disc_loss: 0.0042, PESQ: 2.6661
INFO:root:Epoch 14, Step 1500, loss: 0.0542, disc_loss: 0.0042, PESQ: 2.6651
INFO:root:Epoch 14, Step 1600, loss: 0.0543, disc_loss: 0.0042, PESQ: 2.6634
INFO:root:Epoch 14, Step 1700, loss: 0.0544, disc_loss: 0.0041, PESQ: 2.6580
INFO:root:Epoch 14, Step 1800, loss: 0.0545, disc_loss: 0.0041, PESQ: 2.6565
INFO:root:Epoch 14, Step 1900, loss: 0.0544, disc_loss: 0.0041, PESQ: 2.6580
INFO:root:TEST - Generator loss: 0.0400, Discriminator loss: 0.0077, PESQ: 2.9476
INFO:root:Epoch 15, Step 100, loss: 0.0519, disc_loss: 0.0037, PESQ: 2.7134
INFO:root:Epoch 15, Step 200, loss: 0.0531, disc_loss: 0.0038, PESQ: 2.6848
INFO:root:Epoch 15, Step 300, loss: 0.0533, disc_loss: 0.0039, PESQ: 2.6905
INFO:root:Epoch 15, Step 400, loss: 0.0529, disc_loss: 0.0040, PESQ: 2.7021
INFO:root:Epoch 15, Step 500, loss: 0.0532, disc_loss: 0.0039, PESQ: 2.6901
INFO:root:Epoch 15, Step 600, loss: 0.0530, disc_loss: 0.0039, PESQ: 2.6961
