INFO:root:Training configuration:
INFO:root:epochs=120, batch_size=6, init_lr=0.001, data_dir=/gdata/fewahab/data/VoicebanK-demand-16K, save_model_dir=/ghome/fewahab/Sun-Models/Ab-6/M1/saved_model
INFO:root:Available GPUs: ['NVIDIA GeForce RTX 3080 Ti']
INFO:root:Using custom MBS-Net model
INFO:root:Model parameters: Total=2.14M, Trainable=2.14M
INFO:root:Epoch 0, Step 100, loss: 0.1444, disc_loss: 0.0898, PESQ: 1.6456
INFO:root:Epoch 0, Step 200, loss: 0.1329, disc_loss: 0.0520, PESQ: 1.6821
INFO:root:Epoch 0, Step 300, loss: 0.1286, disc_loss: 0.0383, PESQ: 1.7031
INFO:root:Epoch 0, Step 400, loss: 0.1232, disc_loss: 0.0311, PESQ: 1.7245
INFO:root:Epoch 0, Step 500, loss: 0.1184, disc_loss: 0.0268, PESQ: 1.7536
INFO:root:Epoch 0, Step 600, loss: 0.1138, disc_loss: 0.0241, PESQ: 1.7854
INFO:root:Epoch 0, Step 700, loss: 0.1105, disc_loss: 0.0222, PESQ: 1.8048
INFO:root:Epoch 0, Step 800, loss: 0.1082, disc_loss: 0.0206, PESQ: 1.8153
INFO:root:Epoch 0, Step 900, loss: 0.1056, disc_loss: 0.0192, PESQ: 1.8327
INFO:root:Epoch 0, Step 1000, loss: 0.1039, disc_loss: 0.0181, PESQ: 1.8377
INFO:root:Epoch 0, Step 1100, loss: 0.1025, disc_loss: 0.0172, PESQ: 1.8437
INFO:root:Epoch 0, Step 1200, loss: 0.1013, disc_loss: 0.0164, PESQ: 1.8521
INFO:root:Epoch 0, Step 1300, loss: 0.1005, disc_loss: 0.0158, PESQ: 1.8569
INFO:root:Epoch 0, Step 1400, loss: 0.0996, disc_loss: 0.0152, PESQ: 1.8608
INFO:root:Epoch 0, Step 1500, loss: 0.0986, disc_loss: 0.0147, PESQ: 1.8649
INFO:root:Epoch 0, Step 1600, loss: 0.0975, disc_loss: 0.0142, PESQ: 1.8713
INFO:root:Epoch 0, Step 1700, loss: 0.0967, disc_loss: 0.0138, PESQ: 1.8778
INFO:root:Epoch 0, Step 1800, loss: 0.0960, disc_loss: 0.0134, PESQ: 1.8822
INFO:root:Epoch 0, Step 1900, loss: 0.0953, disc_loss: 0.0130, PESQ: 1.8882
INFO:root:TEST - Generator loss: 0.0551, Discriminator loss: 0.0067, PESQ: 2.4434
INFO:root:? New best model saved! Loss: 0.055064
INFO:root:Epoch 1, Step 100, loss: 0.0870, disc_loss: 0.0061, PESQ: 1.9494
INFO:root:Epoch 1, Step 200, loss: 0.0855, disc_loss: 0.0064, PESQ: 1.9681
INFO:root:Epoch 1, Step 300, loss: 0.0850, disc_loss: 0.0066, PESQ: 1.9649
INFO:root:Epoch 1, Step 400, loss: 0.0847, disc_loss: 0.0066, PESQ: 1.9576
INFO:root:Epoch 1, Step 500, loss: 0.0846, disc_loss: 0.0067, PESQ: 1.9602
INFO:root:Epoch 1, Step 600, loss: 0.0845, disc_loss: 0.0068, PESQ: 1.9561
INFO:root:Epoch 1, Step 700, loss: 0.0844, disc_loss: 0.0067, PESQ: 1.9521
INFO:root:Epoch 1, Step 800, loss: 0.0842, disc_loss: 0.0066, PESQ: 1.9544
INFO:root:Epoch 1, Step 900, loss: 0.0839, disc_loss: 0.0066, PESQ: 1.9573
INFO:root:Epoch 1, Step 1000, loss: 0.0837, disc_loss: 0.0065, PESQ: 1.9591
INFO:root:Epoch 1, Step 1100, loss: 0.0836, disc_loss: 0.0065, PESQ: 1.9624
INFO:root:Epoch 1, Step 1200, loss: 0.0836, disc_loss: 0.0064, PESQ: 1.9634
INFO:root:Epoch 1, Step 1300, loss: 0.0837, disc_loss: 0.0064, PESQ: 1.9636
INFO:root:Epoch 1, Step 1400, loss: 0.0838, disc_loss: 0.0064, PESQ: 1.9625
INFO:root:Epoch 1, Step 1500, loss: 0.0836, disc_loss: 0.0063, PESQ: 1.9676
INFO:root:Epoch 1, Step 1600, loss: 0.0834, disc_loss: 0.0063, PESQ: 1.9702
INFO:root:Epoch 1, Step 1700, loss: 0.0834, disc_loss: 0.0062, PESQ: 1.9681
INFO:root:Epoch 1, Step 1800, loss: 0.0835, disc_loss: 0.0062, PESQ: 1.9667
INFO:root:Epoch 1, Step 1900, loss: 0.0833, disc_loss: 0.0062, PESQ: 1.9675
INFO:root:TEST - Generator loss: 0.0551, Discriminator loss: 0.0080, PESQ: 2.3893
INFO:root:Epoch 2, Step 100, loss: 0.0805, disc_loss: 0.0055, PESQ: 2.0052
INFO:root:Epoch 2, Step 200, loss: 0.0808, disc_loss: 0.0054, PESQ: 1.9888
INFO:root:Epoch 2, Step 300, loss: 0.0808, disc_loss: 0.0055, PESQ: 1.9865
INFO:root:Epoch 2, Step 400, loss: 0.0798, disc_loss: 0.0059, PESQ: 2.0006
INFO:root:Epoch 2, Step 500, loss: 0.0804, disc_loss: 0.0057, PESQ: 1.9876
INFO:root:Epoch 2, Step 600, loss: 0.0811, disc_loss: 0.0055, PESQ: 1.9794
INFO:root:Epoch 2, Step 700, loss: 0.0815, disc_loss: 0.0055, PESQ: 1.9794
INFO:root:Epoch 2, Step 800, loss: 0.0816, disc_loss: 0.0054, PESQ: 1.9801
INFO:root:Epoch 2, Step 900, loss: 0.0816, disc_loss: 0.0054, PESQ: 1.9793
INFO:root:Epoch 2, Step 1000, loss: 0.0813, disc_loss: 0.0054, PESQ: 1.9830
INFO:root:Epoch 2, Step 1100, loss: 0.0814, disc_loss: 0.0054, PESQ: 1.9810
INFO:root:Epoch 2, Step 1200, loss: 0.0813, disc_loss: 0.0054, PESQ: 1.9835
INFO:root:Epoch 2, Step 1300, loss: 0.0815, disc_loss: 0.0055, PESQ: 1.9806
INFO:root:Epoch 2, Step 1400, loss: 0.0815, disc_loss: 0.0054, PESQ: 1.9811
INFO:root:Epoch 2, Step 1500, loss: 0.0814, disc_loss: 0.0054, PESQ: 1.9815
INFO:root:Epoch 2, Step 1600, loss: 0.0815, disc_loss: 0.0053, PESQ: 1.9814
INFO:root:Epoch 2, Step 1700, loss: 0.0816, disc_loss: 0.0053, PESQ: 1.9821
INFO:root:Epoch 2, Step 1800, loss: 0.0813, disc_loss: 0.0053, PESQ: 1.9864
INFO:root:Epoch 2, Step 1900, loss: 0.0812, disc_loss: 0.0053, PESQ: 1.9874
INFO:root:TEST - Generator loss: 0.0557, Discriminator loss: 0.0115, PESQ: 2.4609
INFO:root:Epoch 3, Step 100, loss: 0.0820, disc_loss: 0.0051, PESQ: 1.9924
INFO:root:Epoch 3, Step 200, loss: 0.0821, disc_loss: 0.0048, PESQ: 1.9897
INFO:root:Epoch 3, Step 300, loss: 0.0814, disc_loss: 0.0048, PESQ: 1.9934
INFO:root:Epoch 3, Step 400, loss: 0.0811, disc_loss: 0.0048, PESQ: 1.9960
INFO:root:Epoch 3, Step 500, loss: 0.0809, disc_loss: 0.0047, PESQ: 2.0034
INFO:root:Epoch 3, Step 600, loss: 0.0812, disc_loss: 0.0048, PESQ: 1.9976
INFO:root:Epoch 3, Step 700, loss: 0.0814, disc_loss: 0.0048, PESQ: 1.9913
INFO:root:Epoch 3, Step 800, loss: 0.0816, disc_loss: 0.0048, PESQ: 1.9929
INFO:root:Epoch 3, Step 900, loss: 0.0813, disc_loss: 0.0048, PESQ: 1.9943
INFO:root:Epoch 3, Step 1000, loss: 0.0814, disc_loss: 0.0048, PESQ: 1.9882
INFO:root:Epoch 3, Step 1100, loss: 0.0811, disc_loss: 0.0048, PESQ: 1.9905
INFO:root:Epoch 3, Step 1200, loss: 0.0811, disc_loss: 0.0048, PESQ: 1.9884
INFO:root:Epoch 3, Step 1300, loss: 0.0805, disc_loss: 0.0048, PESQ: 1.9966
INFO:root:Epoch 3, Step 1400, loss: 0.0802, disc_loss: 0.0048, PESQ: 1.9971
INFO:root:Epoch 3, Step 1500, loss: 0.0803, disc_loss: 0.0048, PESQ: 1.9987
INFO:root:Epoch 3, Step 1600, loss: 0.0803, disc_loss: 0.0048, PESQ: 1.9961
INFO:root:Epoch 3, Step 1700, loss: 0.0803, disc_loss: 0.0048, PESQ: 1.9948
INFO:root:Epoch 3, Step 1800, loss: 0.0803, disc_loss: 0.0048, PESQ: 1.9966
INFO:root:Epoch 3, Step 1900, loss: 0.0802, disc_loss: 0.0048, PESQ: 1.9972
INFO:root:TEST - Generator loss: 0.0547, Discriminator loss: 0.0057, PESQ: 2.4921
INFO:root:? New best model saved! Loss: 0.054715
INFO:root:Epoch 4, Step 100, loss: 0.0763, disc_loss: 0.0049, PESQ: 2.0318
INFO:root:Epoch 4, Step 200, loss: 0.0779, disc_loss: 0.0046, PESQ: 2.0465
INFO:root:Epoch 4, Step 300, loss: 0.0780, disc_loss: 0.0045, PESQ: 2.0267
INFO:root:Epoch 4, Step 400, loss: 0.0782, disc_loss: 0.0044, PESQ: 2.0202
INFO:root:Epoch 4, Step 500, loss: 0.0787, disc_loss: 0.0043, PESQ: 2.0179
INFO:root:Epoch 4, Step 600, loss: 0.0782, disc_loss: 0.0044, PESQ: 2.0241
INFO:root:Epoch 4, Step 700, loss: 0.0783, disc_loss: 0.0044, PESQ: 2.0206
INFO:root:Epoch 4, Step 800, loss: 0.0782, disc_loss: 0.0043, PESQ: 2.0179
INFO:root:Epoch 4, Step 900, loss: 0.0785, disc_loss: 0.0044, PESQ: 2.0139
INFO:root:Epoch 4, Step 1000, loss: 0.0788, disc_loss: 0.0044, PESQ: 2.0136
INFO:root:Epoch 4, Step 1100, loss: 0.0790, disc_loss: 0.0043, PESQ: 2.0103
INFO:root:Epoch 4, Step 1200, loss: 0.0789, disc_loss: 0.0043, PESQ: 2.0120
INFO:root:Epoch 4, Step 1300, loss: 0.0789, disc_loss: 0.0043, PESQ: 2.0123
INFO:root:Epoch 4, Step 1400, loss: 0.0790, disc_loss: 0.0044, PESQ: 2.0137
INFO:root:Epoch 4, Step 1500, loss: 0.0788, disc_loss: 0.0044, PESQ: 2.0160
INFO:root:Epoch 4, Step 1600, loss: 0.0790, disc_loss: 0.0044, PESQ: 2.0124
INFO:root:Epoch 4, Step 1700, loss: 0.0789, disc_loss: 0.0044, PESQ: 2.0114
INFO:root:Epoch 4, Step 1800, loss: 0.0792, disc_loss: 0.0044, PESQ: 2.0091
INFO:root:Epoch 4, Step 1900, loss: 0.0793, disc_loss: 0.0044, PESQ: 2.0077
INFO:root:TEST - Generator loss: 0.0527, Discriminator loss: 0.0059, PESQ: 2.4634
INFO:root:? New best model saved! Loss: 0.052745
INFO:root:Epoch 5, Step 100, loss: 0.0746, disc_loss: 0.0042, PESQ: 2.0924
INFO:root:Epoch 5, Step 200, loss: 0.0762, disc_loss: 0.0041, PESQ: 2.0559
INFO:root:Epoch 5, Step 300, loss: 0.0768, disc_loss: 0.0040, PESQ: 2.0483
INFO:root:Epoch 5, Step 400, loss: 0.0771, disc_loss: 0.0040, PESQ: 2.0467
INFO:root:Epoch 5, Step 500, loss: 0.0772, disc_loss: 0.0042, PESQ: 2.0410
INFO:root:Epoch 5, Step 600, loss: 0.0773, disc_loss: 0.0042, PESQ: 2.0359
INFO:root:Epoch 5, Step 700, loss: 0.0775, disc_loss: 0.0042, PESQ: 2.0318
INFO:root:Epoch 5, Step 800, loss: 0.0778, disc_loss: 0.0042, PESQ: 2.0265
INFO:root:Epoch 5, Step 900, loss: 0.0782, disc_loss: 0.0042, PESQ: 2.0202
INFO:root:Epoch 5, Step 1000, loss: 0.0780, disc_loss: 0.0043, PESQ: 2.0234
INFO:root:Epoch 5, Step 1100, loss: 0.0779, disc_loss: 0.0043, PESQ: 2.0240
INFO:root:Epoch 5, Step 1200, loss: 0.0779, disc_loss: 0.0043, PESQ: 2.0245
INFO:root:Epoch 5, Step 1300, loss: 0.0782, disc_loss: 0.0042, PESQ: 2.0217
INFO:root:Epoch 5, Step 1400, loss: 0.0778, disc_loss: 0.0042, PESQ: 2.0274
INFO:root:Epoch 5, Step 1500, loss: 0.0778, disc_loss: 0.0043, PESQ: 2.0283
INFO:root:Epoch 5, Step 1600, loss: 0.0778, disc_loss: 0.0043, PESQ: 2.0303
INFO:root:Epoch 5, Step 1700, loss: 0.0780, disc_loss: 0.0042, PESQ: 2.0274
INFO:root:Epoch 5, Step 1800, loss: 0.0781, disc_loss: 0.0042, PESQ: 2.0279
INFO:root:Epoch 5, Step 1900, loss: 0.0781, disc_loss: 0.0042, PESQ: 2.0284
INFO:root:TEST - Generator loss: 0.0518, Discriminator loss: 0.0058, PESQ: 2.5155
INFO:root:? New best model saved! Loss: 0.051762
INFO:root:Epoch 6, Step 100, loss: 0.0778, disc_loss: 0.0036, PESQ: 2.0456
INFO:root:Epoch 6, Step 200, loss: 0.0774, disc_loss: 0.0038, PESQ: 2.0574
INFO:root:Epoch 6, Step 300, loss: 0.0779, disc_loss: 0.0041, PESQ: 2.0555
INFO:root:Epoch 6, Step 400, loss: 0.0775, disc_loss: 0.0041, PESQ: 2.0557
INFO:root:Epoch 6, Step 500, loss: 0.0776, disc_loss: 0.0042, PESQ: 2.0535
INFO:root:Epoch 6, Step 600, loss: 0.0773, disc_loss: 0.0041, PESQ: 2.0587
INFO:root:Epoch 6, Step 700, loss: 0.0772, disc_loss: 0.0042, PESQ: 2.0584
INFO:root:Epoch 6, Step 800, loss: 0.0771, disc_loss: 0.0041, PESQ: 2.0602
INFO:root:Epoch 6, Step 900, loss: 0.0769, disc_loss: 0.0042, PESQ: 2.0606
INFO:root:Epoch 6, Step 1000, loss: 0.0769, disc_loss: 0.0042, PESQ: 2.0611
INFO:root:Epoch 6, Step 1100, loss: 0.0767, disc_loss: 0.0042, PESQ: 2.0660
INFO:root:Epoch 6, Step 1200, loss: 0.0769, disc_loss: 0.0042, PESQ: 2.0647
INFO:root:Epoch 6, Step 1300, loss: 0.0768, disc_loss: 0.0042, PESQ: 2.0663
INFO:root:Epoch 6, Step 1400, loss: 0.0770, disc_loss: 0.0041, PESQ: 2.0648
INFO:root:Epoch 6, Step 1500, loss: 0.0768, disc_loss: 0.0041, PESQ: 2.0662
INFO:root:Epoch 6, Step 1600, loss: 0.0768, disc_loss: 0.0041, PESQ: 2.0670
INFO:root:Epoch 6, Step 1700, loss: 0.0768, disc_loss: 0.0041, PESQ: 2.0649
INFO:root:Epoch 6, Step 1800, loss: 0.0769, disc_loss: 0.0041, PESQ: 2.0644
INFO:root:Epoch 6, Step 1900, loss: 0.0767, disc_loss: 0.0041, PESQ: 2.0667
INFO:root:TEST - Generator loss: 0.0524, Discriminator loss: 0.0095, PESQ: 2.5417
INFO:root:Epoch 7, Step 100, loss: 0.0760, disc_loss: 0.0047, PESQ: 2.0855
INFO:root:Epoch 7, Step 200, loss: 0.0760, disc_loss: 0.0044, PESQ: 2.0787
INFO:root:Epoch 7, Step 300, loss: 0.0763, disc_loss: 0.0043, PESQ: 2.0738
INFO:root:Epoch 7, Step 400, loss: 0.0763, disc_loss: 0.0042, PESQ: 2.0684
INFO:root:Epoch 7, Step 500, loss: 0.0764, disc_loss: 0.0042, PESQ: 2.0646
INFO:root:Epoch 7, Step 600, loss: 0.0760, disc_loss: 0.0041, PESQ: 2.0729
INFO:root:Epoch 7, Step 700, loss: 0.0752, disc_loss: 0.0041, PESQ: 2.0895
INFO:root:Epoch 7, Step 800, loss: 0.0749, disc_loss: 0.0042, PESQ: 2.0940
INFO:root:Epoch 7, Step 900, loss: 0.0749, disc_loss: 0.0041, PESQ: 2.0962
INFO:root:Epoch 7, Step 1000, loss: 0.0750, disc_loss: 0.0041, PESQ: 2.0945
INFO:root:Epoch 7, Step 1100, loss: 0.0752, disc_loss: 0.0041, PESQ: 2.0938
INFO:root:Epoch 7, Step 1200, loss: 0.0754, disc_loss: 0.0041, PESQ: 2.0901
INFO:root:Epoch 7, Step 1300, loss: 0.0755, disc_loss: 0.0041, PESQ: 2.0884
INFO:root:Epoch 7, Step 1400, loss: 0.0753, disc_loss: 0.0040, PESQ: 2.0891
INFO:root:Epoch 7, Step 1500, loss: 0.0755, disc_loss: 0.0040, PESQ: 2.0873
INFO:root:Epoch 7, Step 1600, loss: 0.0756, disc_loss: 0.0040, PESQ: 2.0851
INFO:root:Epoch 7, Step 1700, loss: 0.0755, disc_loss: 0.0040, PESQ: 2.0842
INFO:root:Epoch 7, Step 1800, loss: 0.0754, disc_loss: 0.0040, PESQ: 2.0870
INFO:root:Epoch 7, Step 1900, loss: 0.0757, disc_loss: 0.0040, PESQ: 2.0830
INFO:root:TEST - Generator loss: 0.0507, Discriminator loss: 0.0107, PESQ: 2.5570
INFO:root:? New best model saved! Loss: 0.050705
INFO:root:Epoch 8, Step 100, loss: 0.0750, disc_loss: 0.0039, PESQ: 2.0692
INFO:root:Epoch 8, Step 200, loss: 0.0754, disc_loss: 0.0040, PESQ: 2.0694
INFO:root:Epoch 8, Step 300, loss: 0.0751, disc_loss: 0.0039, PESQ: 2.0816
INFO:root:Epoch 8, Step 400, loss: 0.0749, disc_loss: 0.0038, PESQ: 2.0866
INFO:root:Epoch 8, Step 500, loss: 0.0748, disc_loss: 0.0039, PESQ: 2.0864
INFO:root:Epoch 8, Step 600, loss: 0.0743, disc_loss: 0.0040, PESQ: 2.0965
INFO:root:Epoch 8, Step 700, loss: 0.0746, disc_loss: 0.0040, PESQ: 2.0919
INFO:root:Epoch 8, Step 800, loss: 0.0747, disc_loss: 0.0039, PESQ: 2.0948
INFO:root:Epoch 8, Step 900, loss: 0.0746, disc_loss: 0.0039, PESQ: 2.0977
INFO:root:Epoch 8, Step 1000, loss: 0.0747, disc_loss: 0.0039, PESQ: 2.0971
INFO:root:Epoch 8, Step 1100, loss: 0.0748, disc_loss: 0.0039, PESQ: 2.0943
INFO:root:Epoch 8, Step 1200, loss: 0.0748, disc_loss: 0.0039, PESQ: 2.0918
INFO:root:Epoch 8, Step 1300, loss: 0.0751, disc_loss: 0.0039, PESQ: 2.0887
INFO:root:Epoch 8, Step 1400, loss: 0.0750, disc_loss: 0.0039, PESQ: 2.0917
INFO:root:Epoch 8, Step 1500, loss: 0.0751, disc_loss: 0.0039, PESQ: 2.0914
INFO:root:Epoch 8, Step 1600, loss: 0.0750, disc_loss: 0.0039, PESQ: 2.0930
INFO:root:Epoch 8, Step 1700, loss: 0.0748, disc_loss: 0.0039, PESQ: 2.0942
INFO:root:Epoch 8, Step 1800, loss: 0.0749, disc_loss: 0.0038, PESQ: 2.0938
INFO:root:Epoch 8, Step 1900, loss: 0.0750, disc_loss: 0.0038, PESQ: 2.0918
INFO:root:TEST - Generator loss: 0.0503, Discriminator loss: 0.0062, PESQ: 2.6024
INFO:root:? New best model saved! Loss: 0.050272
INFO:root:Epoch 9, Step 100, loss: 0.0741, disc_loss: 0.0030, PESQ: 2.0914
INFO:root:Epoch 9, Step 200, loss: 0.0739, disc_loss: 0.0032, PESQ: 2.1085
INFO:root:Epoch 9, Step 300, loss: 0.0744, disc_loss: 0.0033, PESQ: 2.0981
INFO:root:Epoch 9, Step 400, loss: 0.0743, disc_loss: 0.0034, PESQ: 2.0998
INFO:root:Epoch 9, Step 500, loss: 0.0744, disc_loss: 0.0037, PESQ: 2.1027
INFO:root:Epoch 9, Step 600, loss: 0.0743, disc_loss: 0.0037, PESQ: 2.0983
INFO:root:Epoch 9, Step 700, loss: 0.0742, disc_loss: 0.0036, PESQ: 2.1007
INFO:root:Epoch 9, Step 800, loss: 0.0740, disc_loss: 0.0036, PESQ: 2.1018
INFO:root:Epoch 9, Step 900, loss: 0.0741, disc_loss: 0.0036, PESQ: 2.0986
INFO:root:Epoch 9, Step 1000, loss: 0.0740, disc_loss: 0.0036, PESQ: 2.1000
INFO:root:Epoch 9, Step 1100, loss: 0.0741, disc_loss: 0.0037, PESQ: 2.0997
INFO:root:Epoch 9, Step 1200, loss: 0.0742, disc_loss: 0.0037, PESQ: 2.0969
INFO:root:Epoch 9, Step 1300, loss: 0.0742, disc_loss: 0.0037, PESQ: 2.0985
INFO:root:Epoch 9, Step 1400, loss: 0.0744, disc_loss: 0.0037, PESQ: 2.0943
INFO:root:Epoch 9, Step 1500, loss: 0.0744, disc_loss: 0.0037, PESQ: 2.0938
INFO:root:Epoch 9, Step 1600, loss: 0.0745, disc_loss: 0.0037, PESQ: 2.0951
INFO:root:Epoch 9, Step 1700, loss: 0.0743, disc_loss: 0.0037, PESQ: 2.0966
INFO:root:Epoch 9, Step 1800, loss: 0.0743, disc_loss: 0.0037, PESQ: 2.0970
INFO:root:Epoch 9, Step 1900, loss: 0.0744, disc_loss: 0.0037, PESQ: 2.0977
INFO:root:TEST - Generator loss: 0.0502, Discriminator loss: 0.0062, PESQ: 2.5744
INFO:root:? New best model saved! Loss: 0.050175
INFO:root:Epoch 10, Step 100, loss: 0.0743, disc_loss: 0.0033, PESQ: 2.0949
INFO:root:Epoch 10, Step 200, loss: 0.0745, disc_loss: 0.0033, PESQ: 2.1027
INFO:root:Epoch 10, Step 300, loss: 0.0748, disc_loss: 0.0035, PESQ: 2.1001
INFO:root:Epoch 10, Step 400, loss: 0.0747, disc_loss: 0.0036, PESQ: 2.1043
INFO:root:Epoch 10, Step 500, loss: 0.0742, disc_loss: 0.0036, PESQ: 2.1096
INFO:root:Epoch 10, Step 600, loss: 0.0739, disc_loss: 0.0036, PESQ: 2.1126
INFO:root:Epoch 10, Step 700, loss: 0.0737, disc_loss: 0.0036, PESQ: 2.1133
INFO:root:Epoch 10, Step 800, loss: 0.0738, disc_loss: 0.0036, PESQ: 2.1096
INFO:root:Epoch 10, Step 900, loss: 0.0737, disc_loss: 0.0036, PESQ: 2.1088
INFO:root:Epoch 10, Step 1000, loss: 0.0739, disc_loss: 0.0036, PESQ: 2.1040
INFO:root:Epoch 10, Step 1100, loss: 0.0738, disc_loss: 0.0036, PESQ: 2.1062
INFO:root:Epoch 10, Step 1200, loss: 0.0737, disc_loss: 0.0036, PESQ: 2.1091
INFO:root:Epoch 10, Step 1300, loss: 0.0738, disc_loss: 0.0036, PESQ: 2.1082
INFO:root:Epoch 10, Step 1400, loss: 0.0739, disc_loss: 0.0036, PESQ: 2.1072
INFO:root:Epoch 10, Step 1500, loss: 0.0739, disc_loss: 0.0036, PESQ: 2.1063
INFO:root:Epoch 10, Step 1600, loss: 0.0739, disc_loss: 0.0036, PESQ: 2.1054
INFO:root:Epoch 10, Step 1700, loss: 0.0740, disc_loss: 0.0036, PESQ: 2.1037
INFO:root:Epoch 10, Step 1800, loss: 0.0741, disc_loss: 0.0036, PESQ: 2.1036
INFO:root:Epoch 10, Step 1900, loss: 0.0740, disc_loss: 0.0036, PESQ: 2.1035
INFO:root:TEST - Generator loss: 0.0504, Discriminator loss: 0.0096, PESQ: 2.4874
INFO:root:Epoch 11, Step 100, loss: 0.0753, disc_loss: 0.0038, PESQ: 2.0704
INFO:root:Epoch 11, Step 200, loss: 0.0752, disc_loss: 0.0035, PESQ: 2.0735
INFO:root:Epoch 11, Step 300, loss: 0.0745, disc_loss: 0.0033, PESQ: 2.0894
INFO:root:Epoch 11, Step 400, loss: 0.0738, disc_loss: 0.0034, PESQ: 2.1019
INFO:root:Epoch 11, Step 500, loss: 0.0730, disc_loss: 0.0034, PESQ: 2.1181
INFO:root:Epoch 11, Step 600, loss: 0.0729, disc_loss: 0.0034, PESQ: 2.1152
INFO:root:Epoch 11, Step 700, loss: 0.0734, disc_loss: 0.0034, PESQ: 2.1134
INFO:root:Epoch 11, Step 800, loss: 0.0736, disc_loss: 0.0035, PESQ: 2.1099
INFO:root:Epoch 11, Step 900, loss: 0.0734, disc_loss: 0.0035, PESQ: 2.1115
INFO:root:Epoch 11, Step 1000, loss: 0.0734, disc_loss: 0.0035, PESQ: 2.1116
INFO:root:Epoch 11, Step 1100, loss: 0.0735, disc_loss: 0.0035, PESQ: 2.1117
INFO:root:Epoch 11, Step 1200, loss: 0.0734, disc_loss: 0.0036, PESQ: 2.1116
INFO:root:Epoch 11, Step 1300, loss: 0.0733, disc_loss: 0.0036, PESQ: 2.1123
INFO:root:Epoch 11, Step 1400, loss: 0.0734, disc_loss: 0.0035, PESQ: 2.1127
INFO:root:Epoch 11, Step 1500, loss: 0.0735, disc_loss: 0.0035, PESQ: 2.1101
INFO:root:Epoch 11, Step 1600, loss: 0.0735, disc_loss: 0.0035, PESQ: 2.1098
INFO:root:Epoch 11, Step 1700, loss: 0.0734, disc_loss: 0.0035, PESQ: 2.1110
INFO:root:Epoch 11, Step 1800, loss: 0.0736, disc_loss: 0.0035, PESQ: 2.1080
INFO:root:Epoch 11, Step 1900, loss: 0.0736, disc_loss: 0.0035, PESQ: 2.1090
INFO:root:TEST - Generator loss: 0.0501, Discriminator loss: 0.0071, PESQ: 2.5655
INFO:root:? New best model saved! Loss: 0.050100
INFO:root:Epoch 12, Step 100, loss: 0.0738, disc_loss: 0.0031, PESQ: 2.0840
INFO:root:Epoch 12, Step 200, loss: 0.0751, disc_loss: 0.0031, PESQ: 2.0625
INFO:root:Epoch 12, Step 300, loss: 0.0743, disc_loss: 0.0032, PESQ: 2.0885
INFO:root:Epoch 12, Step 400, loss: 0.0741, disc_loss: 0.0033, PESQ: 2.0916
INFO:root:Epoch 12, Step 500, loss: 0.0737, disc_loss: 0.0034, PESQ: 2.0997
INFO:root:Epoch 12, Step 600, loss: 0.0737, disc_loss: 0.0034, PESQ: 2.1007
INFO:root:Epoch 12, Step 700, loss: 0.0734, disc_loss: 0.0035, PESQ: 2.1071
INFO:root:Epoch 12, Step 800, loss: 0.0731, disc_loss: 0.0035, PESQ: 2.1124
INFO:root:Epoch 12, Step 900, loss: 0.0731, disc_loss: 0.0035, PESQ: 2.1138
INFO:root:Epoch 12, Step 1000, loss: 0.0729, disc_loss: 0.0035, PESQ: 2.1179
INFO:root:Epoch 12, Step 1100, loss: 0.0728, disc_loss: 0.0034, PESQ: 2.1203
INFO:root:Epoch 12, Step 1200, loss: 0.0730, disc_loss: 0.0034, PESQ: 2.1182
INFO:root:Epoch 12, Step 1300, loss: 0.0729, disc_loss: 0.0034, PESQ: 2.1205
INFO:root:Epoch 12, Step 1400, loss: 0.0730, disc_loss: 0.0034, PESQ: 2.1197
INFO:root:Epoch 12, Step 1500, loss: 0.0729, disc_loss: 0.0034, PESQ: 2.1215
INFO:root:Epoch 12, Step 1600, loss: 0.0728, disc_loss: 0.0034, PESQ: 2.1206
INFO:root:Epoch 12, Step 1700, loss: 0.0729, disc_loss: 0.0034, PESQ: 2.1191
INFO:root:Epoch 12, Step 1800, loss: 0.0731, disc_loss: 0.0034, PESQ: 2.1161
INFO:root:Epoch 12, Step 1900, loss: 0.0732, disc_loss: 0.0034, PESQ: 2.1149
INFO:root:TEST - Generator loss: 0.0497, Discriminator loss: 0.0070, PESQ: 2.5187
INFO:root:? New best model saved! Loss: 0.049675
INFO:root:Epoch 13, Step 100, loss: 0.0718, disc_loss: 0.0032, PESQ: 2.1522
INFO:root:Epoch 13, Step 200, loss: 0.0726, disc_loss: 0.0031, PESQ: 2.1483
INFO:root:Epoch 13, Step 300, loss: 0.0734, disc_loss: 0.0032, PESQ: 2.1200
INFO:root:Epoch 13, Step 400, loss: 0.0731, disc_loss: 0.0032, PESQ: 2.1226
INFO:root:Epoch 13, Step 500, loss: 0.0736, disc_loss: 0.0032, PESQ: 2.1130
INFO:root:Epoch 13, Step 600, loss: 0.0735, disc_loss: 0.0031, PESQ: 2.1163
INFO:root:Epoch 13, Step 700, loss: 0.0731, disc_loss: 0.0032, PESQ: 2.1218
INFO:root:Epoch 13, Step 800, loss: 0.0729, disc_loss: 0.0032, PESQ: 2.1255
INFO:root:Epoch 13, Step 900, loss: 0.0731, disc_loss: 0.0032, PESQ: 2.1163
INFO:root:Epoch 13, Step 1000, loss: 0.0732, disc_loss: 0.0032, PESQ: 2.1137
INFO:root:Epoch 13, Step 1100, loss: 0.0732, disc_loss: 0.0032, PESQ: 2.1126
INFO:root:Epoch 13, Step 1200, loss: 0.0732, disc_loss: 0.0032, PESQ: 2.1155
INFO:root:Epoch 13, Step 1300, loss: 0.0730, disc_loss: 0.0032, PESQ: 2.1188
INFO:root:Epoch 13, Step 1400, loss: 0.0732, disc_loss: 0.0032, PESQ: 2.1155
INFO:root:Epoch 13, Step 1500, loss: 0.0732, disc_loss: 0.0033, PESQ: 2.1171
INFO:root:Epoch 13, Step 1600, loss: 0.0732, disc_loss: 0.0033, PESQ: 2.1173
INFO:root:Epoch 13, Step 1700, loss: 0.0733, disc_loss: 0.0034, PESQ: 2.1149
INFO:root:Epoch 13, Step 1800, loss: 0.0731, disc_loss: 0.0033, PESQ: 2.1177
INFO:root:Epoch 13, Step 1900, loss: 0.0730, disc_loss: 0.0034, PESQ: 2.1188
INFO:root:TEST - Generator loss: 0.0495, Discriminator loss: 0.0076, PESQ: 2.5939
INFO:root:? New best model saved! Loss: 0.049530
INFO:root:Epoch 14, Step 100, loss: 0.0721, disc_loss: 0.0027, PESQ: 2.1327
INFO:root:Epoch 14, Step 200, loss: 0.0726, disc_loss: 0.0032, PESQ: 2.1406
INFO:root:Epoch 14, Step 300, loss: 0.0730, disc_loss: 0.0031, PESQ: 2.1376
INFO:root:Epoch 14, Step 400, loss: 0.0728, disc_loss: 0.0030, PESQ: 2.1301
INFO:root:Epoch 14, Step 500, loss: 0.0728, disc_loss: 0.0030, PESQ: 2.1274
INFO:root:Epoch 14, Step 600, loss: 0.0731, disc_loss: 0.0031, PESQ: 2.1198
INFO:root:Epoch 14, Step 700, loss: 0.0731, disc_loss: 0.0032, PESQ: 2.1197
INFO:root:Epoch 14, Step 800, loss: 0.0730, disc_loss: 0.0033, PESQ: 2.1221
INFO:root:Epoch 14, Step 900, loss: 0.0732, disc_loss: 0.0033, PESQ: 2.1216
INFO:root:Epoch 14, Step 1000, loss: 0.0730, disc_loss: 0.0033, PESQ: 2.1246
INFO:root:Epoch 14, Step 1100, loss: 0.0731, disc_loss: 0.0033, PESQ: 2.1224
INFO:root:Epoch 14, Step 1200, loss: 0.0729, disc_loss: 0.0033, PESQ: 2.1237
INFO:root:Epoch 14, Step 1300, loss: 0.0727, disc_loss: 0.0033, PESQ: 2.1250
INFO:root:Epoch 14, Step 1400, loss: 0.0727, disc_loss: 0.0033, PESQ: 2.1238
INFO:root:Epoch 14, Step 1500, loss: 0.0729, disc_loss: 0.0033, PESQ: 2.1200
INFO:root:Epoch 14, Step 1600, loss: 0.0730, disc_loss: 0.0033, PESQ: 2.1180
INFO:root:Epoch 14, Step 1700, loss: 0.0729, disc_loss: 0.0033, PESQ: 2.1202
INFO:root:Epoch 14, Step 1800, loss: 0.0727, disc_loss: 0.0033, PESQ: 2.1223
INFO:root:Epoch 14, Step 1900, loss: 0.0727, disc_loss: 0.0033, PESQ: 2.1219
INFO:root:TEST - Generator loss: 0.0493, Discriminator loss: 0.0057, PESQ: 2.5875
INFO:root:? New best model saved! Loss: 0.049348
INFO:root:Epoch 15, Step 100, loss: 0.0724, disc_loss: 0.0028, PESQ: 2.0884
INFO:root:Epoch 15, Step 200, loss: 0.0721, disc_loss: 0.0028, PESQ: 2.1150
INFO:root:Epoch 15, Step 300, loss: 0.0722, disc_loss: 0.0031, PESQ: 2.1196
INFO:root:Epoch 15, Step 400, loss: 0.0727, disc_loss: 0.0031, PESQ: 2.1153
INFO:root:Epoch 15, Step 500, loss: 0.0726, disc_loss: 0.0031, PESQ: 2.1216
INFO:root:Epoch 15, Step 600, loss: 0.0725, disc_loss: 0.0031, PESQ: 2.1198
INFO:root:Epoch 15, Step 700, loss: 0.0725, disc_loss: 0.0031, PESQ: 2.1214
INFO:root:Epoch 15, Step 800, loss: 0.0729, disc_loss: 0.0031, PESQ: 2.1163
INFO:root:Epoch 15, Step 900, loss: 0.0729, disc_loss: 0.0032, PESQ: 2.1185
INFO:root:Epoch 15, Step 1000, loss: 0.0729, disc_loss: 0.0032, PESQ: 2.1182
INFO:root:Epoch 15, Step 1100, loss: 0.0728, disc_loss: 0.0032, PESQ: 2.1193
INFO:root:Epoch 15, Step 1200, loss: 0.0727, disc_loss: 0.0032, PESQ: 2.1203
INFO:root:Epoch 15, Step 1300, loss: 0.0725, disc_loss: 0.0032, PESQ: 2.1228
INFO:root:Epoch 15, Step 1400, loss: 0.0725, disc_loss: 0.0032, PESQ: 2.1226
INFO:root:Epoch 15, Step 1500, loss: 0.0725, disc_loss: 0.0032, PESQ: 2.1228
INFO:root:Epoch 15, Step 1600, loss: 0.0725, disc_loss: 0.0032, PESQ: 2.1227
INFO:root:Epoch 15, Step 1700, loss: 0.0724, disc_loss: 0.0032, PESQ: 2.1256
INFO:root:Epoch 15, Step 1800, loss: 0.0725, disc_loss: 0.0032, PESQ: 2.1247
INFO:root:Epoch 15, Step 1900, loss: 0.0725, disc_loss: 0.0032, PESQ: 2.1258
INFO:root:TEST - Generator loss: 0.0495, Discriminator loss: 0.0062, PESQ: 2.5382
INFO:root:Epoch 16, Step 100, loss: 0.0742, disc_loss: 0.0031, PESQ: 2.1049
INFO:root:Epoch 16, Step 200, loss: 0.0728, disc_loss: 0.0031, PESQ: 2.1296
INFO:root:Epoch 16, Step 300, loss: 0.0722, disc_loss: 0.0031, PESQ: 2.1360
INFO:root:Epoch 16, Step 400, loss: 0.0720, disc_loss: 0.0032, PESQ: 2.1416
INFO:root:Epoch 16, Step 500, loss: 0.0716, disc_loss: 0.0031, PESQ: 2.1431
INFO:root:Epoch 16, Step 600, loss: 0.0718, disc_loss: 0.0032, PESQ: 2.1408
INFO:root:Epoch 16, Step 700, loss: 0.0717, disc_loss: 0.0033, PESQ: 2.1413
INFO:root:Epoch 16, Step 800, loss: 0.0717, disc_loss: 0.0033, PESQ: 2.1386
INFO:root:Epoch 16, Step 900, loss: 0.0719, disc_loss: 0.0032, PESQ: 2.1332
INFO:root:Epoch 16, Step 1000, loss: 0.0717, disc_loss: 0.0032, PESQ: 2.1381
INFO:root:Epoch 16, Step 1100, loss: 0.0719, disc_loss: 0.0033, PESQ: 2.1337
INFO:root:Epoch 16, Step 1200, loss: 0.0722, disc_loss: 0.0032, PESQ: 2.1282
INFO:root:Epoch 16, Step 1300, loss: 0.0723, disc_loss: 0.0032, PESQ: 2.1256
INFO:root:Epoch 16, Step 1400, loss: 0.0724, disc_loss: 0.0032, PESQ: 2.1226
INFO:root:Epoch 16, Step 1500, loss: 0.0724, disc_loss: 0.0032, PESQ: 2.1258
INFO:root:Epoch 16, Step 1600, loss: 0.0723, disc_loss: 0.0032, PESQ: 2.1274
INFO:root:Epoch 16, Step 1700, loss: 0.0722, disc_loss: 0.0032, PESQ: 2.1294
INFO:root:Epoch 16, Step 1800, loss: 0.0723, disc_loss: 0.0032, PESQ: 2.1288
INFO:root:Epoch 16, Step 1900, loss: 0.0723, disc_loss: 0.0032, PESQ: 2.1286
INFO:root:TEST - Generator loss: 0.0487, Discriminator loss: 0.0044, PESQ: 2.5832
INFO:root:? New best model saved! Loss: 0.048716
INFO:root:Epoch 17, Step 100, loss: 0.0738, disc_loss: 0.0029, PESQ: 2.0765
INFO:root:Epoch 17, Step 200, loss: 0.0736, disc_loss: 0.0028, PESQ: 2.0789
INFO:root:Epoch 17, Step 300, loss: 0.0726, disc_loss: 0.0029, PESQ: 2.1084
INFO:root:Epoch 17, Step 400, loss: 0.0721, disc_loss: 0.0029, PESQ: 2.1193
INFO:root:Epoch 17, Step 500, loss: 0.0724, disc_loss: 0.0030, PESQ: 2.1155
INFO:root:Epoch 17, Step 600, loss: 0.0721, disc_loss: 0.0030, PESQ: 2.1189
INFO:root:Epoch 17, Step 700, loss: 0.0720, disc_loss: 0.0030, PESQ: 2.1253
INFO:root:Epoch 17, Step 800, loss: 0.0719, disc_loss: 0.0030, PESQ: 2.1266
INFO:root:Epoch 17, Step 900, loss: 0.0718, disc_loss: 0.0030, PESQ: 2.1292
INFO:root:Epoch 17, Step 1000, loss: 0.0718, disc_loss: 0.0031, PESQ: 2.1327
INFO:root:Epoch 17, Step 1100, loss: 0.0718, disc_loss: 0.0031, PESQ: 2.1292
INFO:root:Epoch 17, Step 1200, loss: 0.0720, disc_loss: 0.0031, PESQ: 2.1242
INFO:root:Epoch 17, Step 1300, loss: 0.0720, disc_loss: 0.0031, PESQ: 2.1251
INFO:root:Epoch 17, Step 1400, loss: 0.0719, disc_loss: 0.0031, PESQ: 2.1280
INFO:root:Epoch 17, Step 1500, loss: 0.0718, disc_loss: 0.0031, PESQ: 2.1313
INFO:root:Epoch 17, Step 1600, loss: 0.0718, disc_loss: 0.0031, PESQ: 2.1314
INFO:root:Epoch 17, Step 1700, loss: 0.0718, disc_loss: 0.0031, PESQ: 2.1332
INFO:root:Epoch 17, Step 1800, loss: 0.0718, disc_loss: 0.0031, PESQ: 2.1339
INFO:root:Epoch 17, Step 1900, loss: 0.0718, disc_loss: 0.0031, PESQ: 2.1322
INFO:root:TEST - Generator loss: 0.0498, Discriminator loss: 0.0061, PESQ: 2.6222
INFO:root:Epoch 18, Step 100, loss: 0.0734, disc_loss: 0.0029, PESQ: 2.1029
INFO:root:Epoch 18, Step 200, loss: 0.0730, disc_loss: 0.0030, PESQ: 2.0991
INFO:root:Epoch 18, Step 300, loss: 0.0727, disc_loss: 0.0029, PESQ: 2.1103
INFO:root:Epoch 18, Step 400, loss: 0.0722, disc_loss: 0.0029, PESQ: 2.1234
INFO:root:Epoch 18, Step 500, loss: 0.0718, disc_loss: 0.0030, PESQ: 2.1283
INFO:root:Epoch 18, Step 600, loss: 0.0719, disc_loss: 0.0030, PESQ: 2.1223
INFO:root:Epoch 18, Step 700, loss: 0.0718, disc_loss: 0.0031, PESQ: 2.1309
INFO:root:Epoch 18, Step 800, loss: 0.0717, disc_loss: 0.0031, PESQ: 2.1322
INFO:root:Epoch 18, Step 900, loss: 0.0717, disc_loss: 0.0031, PESQ: 2.1346
INFO:root:Epoch 18, Step 1000, loss: 0.0719, disc_loss: 0.0031, PESQ: 2.1338
INFO:root:Epoch 18, Step 1100, loss: 0.0719, disc_loss: 0.0031, PESQ: 2.1310
INFO:root:Epoch 18, Step 1200, loss: 0.0719, disc_loss: 0.0030, PESQ: 2.1297
INFO:root:Epoch 18, Step 1300, loss: 0.0720, disc_loss: 0.0030, PESQ: 2.1312
INFO:root:Epoch 18, Step 1400, loss: 0.0719, disc_loss: 0.0030, PESQ: 2.1325
INFO:root:Epoch 18, Step 1500, loss: 0.0717, disc_loss: 0.0030, PESQ: 2.1366
INFO:root:Epoch 18, Step 1600, loss: 0.0717, disc_loss: 0.0030, PESQ: 2.1373
INFO:root:Epoch 18, Step 1700, loss: 0.0716, disc_loss: 0.0030, PESQ: 2.1391
INFO:root:Epoch 18, Step 1800, loss: 0.0718, disc_loss: 0.0030, PESQ: 2.1345
INFO:root:Epoch 18, Step 1900, loss: 0.0718, disc_loss: 0.0031, PESQ: 2.1353
INFO:root:TEST - Generator loss: 0.0488, Discriminator loss: 0.0060, PESQ: 2.5740
INFO:root:Epoch 19, Step 100, loss: 0.0707, disc_loss: 0.0030, PESQ: 2.1602
INFO:root:Epoch 19, Step 200, loss: 0.0716, disc_loss: 0.0028, PESQ: 2.1438
INFO:root:Epoch 19, Step 300, loss: 0.0716, disc_loss: 0.0029, PESQ: 2.1414
INFO:root:Epoch 19, Step 400, loss: 0.0723, disc_loss: 0.0029, PESQ: 2.1283
INFO:root:Epoch 19, Step 500, loss: 0.0721, disc_loss: 0.0030, PESQ: 2.1329
INFO:root:Epoch 19, Step 600, loss: 0.0717, disc_loss: 0.0030, PESQ: 2.1367
INFO:root:Epoch 19, Step 700, loss: 0.0718, disc_loss: 0.0030, PESQ: 2.1354
INFO:root:Epoch 19, Step 800, loss: 0.0715, disc_loss: 0.0030, PESQ: 2.1379
INFO:root:Epoch 19, Step 900, loss: 0.0715, disc_loss: 0.0030, PESQ: 2.1368
INFO:root:Epoch 19, Step 1000, loss: 0.0717, disc_loss: 0.0030, PESQ: 2.1340
INFO:root:Epoch 19, Step 1100, loss: 0.0719, disc_loss: 0.0030, PESQ: 2.1291
INFO:root:Epoch 19, Step 1200, loss: 0.0716, disc_loss: 0.0030, PESQ: 2.1349
INFO:root:Epoch 19, Step 1300, loss: 0.0715, disc_loss: 0.0030, PESQ: 2.1376
INFO:root:Epoch 19, Step 1400, loss: 0.0715, disc_loss: 0.0030, PESQ: 2.1371
INFO:root:Epoch 19, Step 1500, loss: 0.0717, disc_loss: 0.0030, PESQ: 2.1344
INFO:root:Epoch 19, Step 1600, loss: 0.0716, disc_loss: 0.0030, PESQ: 2.1364
INFO:root:Epoch 19, Step 1700, loss: 0.0715, disc_loss: 0.0030, PESQ: 2.1376
INFO:root:Epoch 19, Step 1800, loss: 0.0716, disc_loss: 0.0030, PESQ: 2.1368
INFO:root:Epoch 19, Step 1900, loss: 0.0715, disc_loss: 0.0030, PESQ: 2.1390
INFO:root:TEST - Generator loss: 0.0491, Discriminator loss: 0.0057, PESQ: 2.6024
INFO:root:Epoch 20, Step 100, loss: 0.0746, disc_loss: 0.0031, PESQ: 2.0805
INFO:root:Epoch 20, Step 200, loss: 0.0716, disc_loss: 0.0032, PESQ: 2.1250
INFO:root:Epoch 20, Step 300, loss: 0.0713, disc_loss: 0.0031, PESQ: 2.1278
INFO:root:Epoch 20, Step 400, loss: 0.0711, disc_loss: 0.0030, PESQ: 2.1425
INFO:root:Epoch 20, Step 500, loss: 0.0706, disc_loss: 0.0030, PESQ: 2.1519
INFO:root:Epoch 20, Step 600, loss: 0.0706, disc_loss: 0.0030, PESQ: 2.1498
INFO:root:Epoch 20, Step 700, loss: 0.0710, disc_loss: 0.0029, PESQ: 2.1451
